<?xml version="1.0" encoding="UTF-8"?>
<testng-results skipped="0" failed="0" ignored="0" total="1" passed="1">
  <reporter-output>
  </reporter-output>
  <suite name="Default suite" duration-ms="4838" started-at="2020-11-25T07:36:42Z" finished-at="2020-11-25T07:36:47Z">
    <groups>
    </groups>
    <test name="Default test" duration-ms="4838" started-at="2020-11-25T07:36:42Z" finished-at="2020-11-25T07:36:47Z">
      <class name="com.api.basics.DynamicJson">
        <test-method status="PASS" signature="addBook()[pri:0, instance:com.api.basics.DynamicJson@210366b4]" name="addBook" duration-ms="4789" started-at="2020-11-25T07:36:42Z" finished-at="2020-11-25T07:36:47Z">
          <reporter-output>
          </reporter-output>
        </test-method> <!-- addBook -->
      </class> <!-- com.api.basics.DynamicJson -->
    </test> <!-- Default test -->
  </suite> <!-- Default suite -->
</testng-results>
